Aug 28, 2019 2:32:49 PM org.apache.catalina.startup.VersionLoggerListener log
INFO: Server version:        Apache Tomcat (TomEE)/7.0.81 (1.7.5)
Aug 28, 2019 2:32:49 PM org.apache.catalina.startup.VersionLoggerListener log
INFO: Server built:          Aug 11 2017 10:21:27 UTC
Aug 28, 2019 2:32:49 PM org.apache.catalina.startup.VersionLoggerListener log
INFO: Server number:         7.0.81.0
Aug 28, 2019 2:32:49 PM org.apache.catalina.startup.VersionLoggerListener log
INFO: OS Name:               Windows 10
Aug 28, 2019 2:32:49 PM org.apache.catalina.startup.VersionLoggerListener log
INFO: OS Version:            10.0
Aug 28, 2019 2:32:49 PM org.apache.catalina.startup.VersionLoggerListener log
INFO: Architecture:          amd64
Aug 28, 2019 2:32:49 PM org.apache.catalina.startup.VersionLoggerListener log
INFO: Java Home:             C:\Program Files\Java\jdk1.8.0_131\jre
Aug 28, 2019 2:32:49 PM org.apache.catalina.startup.VersionLoggerListener log
INFO: JVM Version:           1.8.0_131-b11
Aug 28, 2019 2:32:49 PM org.apache.catalina.startup.VersionLoggerListener log
INFO: JVM Vendor:            Oracle Corporation
Aug 28, 2019 2:32:49 PM org.apache.catalina.startup.VersionLoggerListener log
INFO: CATALINA_BASE:         C:\Users\i330013\OneDrive - SAP SE\Documents\openSAP\Extensions\address-manager\application\target\apache-tomee
Aug 28, 2019 2:32:49 PM org.apache.catalina.startup.VersionLoggerListener log
INFO: CATALINA_HOME:         C:\Users\i330013\OneDrive - SAP SE\Documents\openSAP\Extensions\address-manager\application\target\apache-tomee
Aug 28, 2019 2:32:49 PM org.apache.catalina.startup.VersionLoggerListener log
INFO: Command line argument: -XX:+HeapDumpOnOutOfMemoryError
Aug 28, 2019 2:32:49 PM org.apache.catalina.startup.VersionLoggerListener log
INFO: Command line argument: -Dorg.apache.catalina.STRICT_SERVLET_COMPLIANCE=false
Aug 28, 2019 2:32:49 PM org.apache.catalina.startup.VersionLoggerListener log
INFO: Command line argument: -Dopenejb.session.manager=org.apache.tomee.catalina.session.QuickSessionManager
Aug 28, 2019 2:32:49 PM org.apache.catalina.startup.VersionLoggerListener log
INFO: Command line argument: -Dtomee.remote.support=true
Aug 28, 2019 2:32:49 PM org.apache.catalina.startup.VersionLoggerListener log
INFO: Command line argument: -Dopenejb.system.apps=false
Aug 28, 2019 2:32:49 PM org.apache.catalina.startup.VersionLoggerListener log
INFO: Command line argument: -Djava.util.logging.config.file=C:\Users\i330013\OneDrive - SAP SE\Documents\openSAP\Extensions\address-manager\application\target\apache-tomee\conf\logging.properties
Aug 28, 2019 2:32:49 PM org.apache.catalina.startup.VersionLoggerListener log
INFO: Command line argument: -javaagent:C:\Users\i330013\OneDrive - SAP SE\Documents\openSAP\Extensions\address-manager\application\target\apache-tomee\lib\openejb-javaagent.jar
Aug 28, 2019 2:32:49 PM org.apache.catalina.startup.VersionLoggerListener log
INFO: Command line argument: -Djava.util.logging.manager=org.apache.juli.ClassLoaderLogManager
Aug 28, 2019 2:32:49 PM org.apache.catalina.startup.VersionLoggerListener log
INFO: Command line argument: -Djava.io.tmpdir=C:\Users\i330013\OneDrive - SAP SE\Documents\openSAP\Extensions\address-manager\application\target\apache-tomee\temp
Aug 28, 2019 2:32:49 PM org.apache.catalina.startup.VersionLoggerListener log
INFO: Command line argument: -Djava.endorsed.dirs=C:\Users\i330013\OneDrive - SAP SE\Documents\openSAP\Extensions\address-manager\application\target\apache-tomee\endorsed
Aug 28, 2019 2:32:49 PM org.apache.catalina.startup.VersionLoggerListener log
INFO: Command line argument: -Dcatalina.base=C:\Users\i330013\OneDrive - SAP SE\Documents\openSAP\Extensions\address-manager\application\target\apache-tomee
Aug 28, 2019 2:32:49 PM org.apache.catalina.startup.VersionLoggerListener log
INFO: Command line argument: -Dcatalina.home=C:\Users\i330013\OneDrive - SAP SE\Documents\openSAP\Extensions\address-manager\application\target\apache-tomee
Aug 28, 2019 2:32:49 PM org.apache.catalina.startup.VersionLoggerListener log
INFO: Command line argument: -Dcatalina.ext.dirs=C:\Users\i330013\OneDrive - SAP SE\Documents\openSAP\Extensions\address-manager\application\target\apache-tomee\lib
Aug 28, 2019 2:32:49 PM org.apache.catalina.startup.VersionLoggerListener log
INFO: Command line argument: -Dorg.apache.tomcat.util.http.ServerCookie.ALLOW_HTTP_SEPARATORS_IN_V0=true
Aug 28, 2019 2:32:49 PM org.apache.catalina.startup.VersionLoggerListener log
INFO: Command line argument: -ea
Aug 28, 2019 2:32:49 PM org.apache.catalina.core.AprLifecycleListener lifecycleEvent
INFO: The APR based Apache Tomcat Native library which allows optimal performance in production environments was not found on the java.library.path: C:\Program Files\Java\jdk1.8.0_131\jre\bin;C:\WINDOWS\Sun\Java\bin;C:\WINDOWS\system32;C:\WINDOWS;C:\Program Files (x86)\Common Files\Oracle\Java\javapath;C:\ProgramData\Oracle\Java\javapath;C:\WINDOWS\system32;C:\WINDOWS;C:\WINDOWS\System32\Wbem;C:\WINDOWS\System32\WindowsPowerShell\v1.0\;C:\Program Files\Git\cmd;C:\Users\i330013\AppData\Roaming\Cloud Foundry;C:\WINDOWS\System32\OpenSSH\;C:\ProgramData\chocolatey\bin;C:\ProgramData\chocolatey\lib\maven\apache-maven-3.6.1\bin;C:\Users\i330013\AppData\Local\Programs\Python\Python37-32\Scripts\;C:\Users\i330013\AppData\Local\Programs\Python\Python37-32\;C:\Program Files\Java\jre1.8.0_121\bin;C:\Users\i330013\AppData\Local\Microsoft\WindowsApps;C:\ProgramData\I330013\GitHubDesktop\bin;C:\Users\i330013\AppData\Local\atom\bin;C:\Users\i330013\AppData\Local\Microsoft\WindowsApps;C:\ProgramData\chocolatey\lib\maven\apache-maven-3.6.1\bin;;C:\Program Files\JetBrains\IntelliJ IDEA 2019.2.1\bin;;.
Aug 28, 2019 2:32:50 PM org.apache.coyote.AbstractProtocol init
INFO: Initializing ProtocolHandler ["http-bio-8180"]
Aug 28, 2019 2:32:50 PM org.apache.coyote.AbstractProtocol init
INFO: Initializing ProtocolHandler ["ajp-bio-8009"]
Aug 28, 2019 2:32:51 PM org.apache.openejb.util.OptionsLog info
INFO: Using 'tomee.remote.support=true'
Aug 28, 2019 2:32:51 PM org.apache.openejb.util.OptionsLog info
INFO: Using 'openejb.jdbc.datasource-creator=org.apache.tomee.jdbc.TomEEDataSourceCreator'
Aug 28, 2019 2:32:52 PM org.apache.openejb.OpenEJB$Instance <init>
INFO: ********************************************************************************
Aug 28, 2019 2:32:52 PM org.apache.openejb.OpenEJB$Instance <init>
INFO: OpenEJB http://tomee.apache.org/
Aug 28, 2019 2:32:52 PM org.apache.openejb.OpenEJB$Instance <init>
INFO: Startup: Wed Aug 28 14:32:52 IST 2019
Aug 28, 2019 2:32:52 PM org.apache.openejb.OpenEJB$Instance <init>
INFO: Copyright 1999-2015 (C) Apache OpenEJB/TomEE Project, All Rights Reserved.
Aug 28, 2019 2:32:52 PM org.apache.openejb.OpenEJB$Instance <init>
INFO: Version: 4.7.5
Aug 28, 2019 2:32:52 PM org.apache.openejb.OpenEJB$Instance <init>
INFO: Build date: 20170927
Aug 28, 2019 2:32:52 PM org.apache.openejb.OpenEJB$Instance <init>
INFO: Build time: 12:02
Aug 28, 2019 2:32:52 PM org.apache.openejb.OpenEJB$Instance <init>
INFO: ********************************************************************************
Aug 28, 2019 2:32:52 PM org.apache.openejb.OpenEJB$Instance <init>
INFO: openejb.home = C:\Users\i330013\OneDrive - SAP SE\Documents\openSAP\Extensions\address-manager\application\target\apache-tomee
Aug 28, 2019 2:32:52 PM org.apache.openejb.OpenEJB$Instance <init>
INFO: openejb.base = C:\Users\i330013\OneDrive - SAP SE\Documents\openSAP\Extensions\address-manager\application\target\apache-tomee
Aug 28, 2019 2:32:52 PM org.apache.openejb.cdi.CdiBuilder initializeOWB
INFO: Created new singletonService org.apache.openejb.cdi.ThreadSingletonServiceImpl@6cc7b4de
Aug 28, 2019 2:32:52 PM org.apache.openejb.cdi.CdiBuilder initializeOWB
INFO: Succeeded in installing singleton service
Aug 28, 2019 2:32:52 PM org.apache.openejb.config.ConfigurationFactory init
INFO: openejb configuration file is 'C:\Users\i330013\OneDrive - SAP SE\Documents\openSAP\Extensions\address-manager\application\target\apache-tomee\conf\tomee.xml'
Aug 28, 2019 2:32:52 PM org.apache.openejb.config.ConfigurationFactory configureService
INFO: Configuring Service(id=Tomcat Security Service, type=SecurityService, provider-id=Tomcat Security Service)
Aug 28, 2019 2:32:52 PM org.apache.openejb.config.ConfigurationFactory configureService
INFO: Configuring Service(id=Default Transaction Manager, type=TransactionManager, provider-id=Default Transaction Manager)
Aug 28, 2019 2:32:52 PM org.apache.openejb.util.OptionsLog info
INFO: Using 'openejb.system.apps=false'
Aug 28, 2019 2:32:52 PM org.apache.openejb.util.OptionsLog info
INFO: Using 'openejb.deployments.classpath=false'
Aug 28, 2019 2:32:52 PM org.apache.openejb.assembler.classic.Assembler createRecipe
INFO: Creating TransactionManager(id=Default Transaction Manager)
Aug 28, 2019 2:32:52 PM org.apache.openejb.assembler.classic.Assembler createRecipe
INFO: Creating SecurityService(id=Tomcat Security Service)
Aug 28, 2019 2:32:53 PM org.apache.openejb.server.ServiceManager initServer
INFO: Creating ServerService(id=cxf-rs)
Aug 28, 2019 2:32:53 PM org.apache.openejb.server.SimpleServiceManager start
INFO:   ** Bound Services **
Aug 28, 2019 2:32:53 PM org.apache.openejb.server.SimpleServiceManager printRow
INFO:   NAME                 IP              PORT  
Aug 28, 2019 2:32:53 PM org.apache.openejb.server.SimpleServiceManager start
INFO: -------
Aug 28, 2019 2:32:53 PM org.apache.openejb.server.SimpleServiceManager start
INFO: Ready!
Aug 28, 2019 2:32:53 PM org.apache.catalina.startup.Catalina load
INFO: Initialization processed in 5789 ms
Aug 28, 2019 2:32:53 PM org.apache.tomee.catalina.OpenEJBNamingContextListener bindResource
INFO: Importing a Tomcat Resource with id 'UserDatabase' of type 'org.apache.catalina.UserDatabase'.
Aug 28, 2019 2:32:53 PM org.apache.openejb.assembler.classic.Assembler createRecipe
INFO: Creating Resource(id=UserDatabase)
Aug 28, 2019 2:32:53 PM org.apache.catalina.core.StandardService startInternal
INFO: Starting service Catalina
Aug 28, 2019 2:32:53 PM org.apache.catalina.core.StandardEngine startInternal
INFO: Starting Servlet Engine: Apache Tomcat (TomEE)/7.0.81 (1.7.5)
Aug 28, 2019 2:32:53 PM org.apache.catalina.startup.HostConfig deployWAR
INFO: Deploying web application archive C:\Users\i330013\OneDrive - SAP SE\Documents\openSAP\Extensions\address-manager\application\target\apache-tomee\webapps\ROOT.war
Aug 28, 2019 2:32:53 PM org.apache.tomee.catalina.TomcatWebAppBuilder init
INFO: ------------------------- localhost -> /
Aug 28, 2019 2:32:53 PM org.apache.openejb.util.JarExtractor extract
INFO: Extracting jar: C:\Users\i330013\OneDrive - SAP SE\Documents\openSAP\Extensions\address-manager\application\target\apache-tomee\webapps\ROOT.war
Aug 28, 2019 2:32:55 PM org.apache.openejb.util.JarExtractor extract
INFO: Extracted path: C:\Users\i330013\OneDrive - SAP SE\Documents\openSAP\Extensions\address-manager\application\target\apache-tomee\webapps\ROOT
Aug 28, 2019 2:32:55 PM org.apache.openejb.util.OptionsLog info
INFO: Using 'openejb.session.manager=org.apache.tomee.catalina.session.QuickSessionManager'
Aug 28, 2019 2:33:02 PM org.apache.openejb.config.ConfigurationFactory configureApplication
INFO: Configuring enterprise application: C:\Users\i330013\OneDrive - SAP SE\Documents\openSAP\Extensions\address-manager\application\target\apache-tomee\webapps\ROOT
Aug 28, 2019 2:33:02 PM org.apache.openejb.config.ConfigurationFactory configureService
INFO: Configuring Service(id=Default Managed Container, type=Container, provider-id=Default Managed Container)
Aug 28, 2019 2:33:02 PM org.apache.openejb.config.AutoConfig createContainer
INFO: Auto-creating a container for bean .Comp899664670: Container(type=MANAGED, id=Default Managed Container)
Aug 28, 2019 2:33:02 PM org.apache.openejb.assembler.classic.Assembler createRecipe
INFO: Creating Container(id=Default Managed Container)
Aug 28, 2019 2:33:02 PM org.apache.openejb.core.managed.SimplePassivater init
INFO: Using directory C:\Users\i330013\OneDrive - SAP SE\Documents\openSAP\Extensions\address-manager\application\target\apache-tomee\temp for stateful session passivation
Aug 28, 2019 2:33:02 PM org.apache.openejb.config.AppInfoBuilder build
INFO: Enterprise application "C:\Users\i330013\OneDrive - SAP SE\Documents\openSAP\Extensions\address-manager\application\target\apache-tomee\webapps\ROOT" loaded.
Aug 28, 2019 2:33:04 PM org.apache.openejb.assembler.classic.Assembler createApplication
INFO: Assembling app: C:\Users\i330013\OneDrive - SAP SE\Documents\openSAP\Extensions\address-manager\application\target\apache-tomee\webapps\ROOT
Aug 28, 2019 2:33:04 PM org.apache.openejb.cdi.CdiBuilder initSingleton
INFO: Existing thread singleton service in SystemInstance(): org.apache.openejb.cdi.ThreadSingletonServiceImpl@6cc7b4de
Aug 28, 2019 2:33:04 PM org.apache.openejb.cdi.OpenEJBLifecycle startApplication
INFO: OpenWebBeans Container is starting...
Aug 28, 2019 2:33:04 PM org.apache.webbeans.plugins.PluginLoader startUp
INFO: Adding OpenWebBeansPlugin : [CdiPlugin]
Aug 28, 2019 2:33:04 PM org.apache.webbeans.plugins.PluginLoader startUp
INFO: Adding OpenWebBeansPlugin : [OpenWebBeansJsfPlugin]
Aug 28, 2019 2:33:20 PM org.apache.webbeans.config.BeansDeployer deploySingleAnnotatedType
INFO: Skipping deployment of Class class com.sap.cloud.sdk.cloudplatform.auditlog.ScpCfAuditLogdue to a NoClassDefFoundError: com/sap/xs/audit/api/exception/AuditLogNotAvailableException
Aug 28, 2019 2:33:24 PM org.apache.webbeans.config.BeansDeployer validateInjectionPoints
INFO: All injection points were validated successfully.
Aug 28, 2019 2:33:24 PM org.apache.openejb.cdi.OpenEJBLifecycle startApplication
INFO: OpenWebBeans Container has started, it took 19866 ms.
Aug 28, 2019 2:33:26 PM org.apache.openejb.assembler.classic.Assembler createApplication
INFO: Deployed Application(path=C:\Users\i330013\OneDrive - SAP SE\Documents\openSAP\Extensions\address-manager\application\target\apache-tomee\webapps\ROOT)
Aug 28, 2019 2:33:28 PM org.apache.catalina.startup.HostConfig deployWAR
INFO: Deployment of web application archive C:\Users\i330013\OneDrive - SAP SE\Documents\openSAP\Extensions\address-manager\application\target\apache-tomee\webapps\ROOT.war has finished in 34,264 ms
Aug 28, 2019 2:33:28 PM org.apache.coyote.AbstractProtocol start
INFO: Starting ProtocolHandler ["http-bio-8180"]
Aug 28, 2019 2:33:28 PM org.apache.coyote.AbstractProtocol start
INFO: Starting ProtocolHandler ["ajp-bio-8009"]
Aug 28, 2019 2:33:28 PM org.apache.catalina.startup.Catalina start
INFO: Server startup in 34625 ms
Aug 28, 2019 2:39:24 PM org.apache.catalina.core.StandardServer await
INFO: A valid shutdown command was received via the shutdown port. Stopping the Server instance.
Aug 28, 2019 2:39:24 PM org.apache.coyote.AbstractProtocol pause
INFO: Pausing ProtocolHandler ["http-bio-8180"]
Aug 28, 2019 2:39:25 PM org.apache.coyote.AbstractProtocol pause
INFO: Pausing ProtocolHandler ["ajp-bio-8009"]
Aug 28, 2019 2:39:25 PM org.apache.catalina.core.StandardService stopInternal
INFO: Stopping service Catalina
Aug 28, 2019 2:39:26 PM org.apache.openejb.assembler.classic.Assembler destroyApplication
INFO: Undeploying app: C:\Users\i330013\OneDrive - SAP SE\Documents\openSAP\Extensions\address-manager\application\target\apache-tomee\webapps\ROOT
Aug 28, 2019 2:39:28 PM org.apache.openejb.util.OptionsLog info
INFO: Using 'openjpa.Log=org.apache.openejb.openjpa.JULOpenJPALogFactory'
Aug 28, 2019 2:39:28 PM org.apache.openejb.assembler.classic.Assembler destroyApplication
INFO: Undeployed app: C:\Users\i330013\OneDrive - SAP SE\Documents\openSAP\Extensions\address-manager\application\target\apache-tomee\webapps\ROOT
Aug 28, 2019 2:39:28 PM org.apache.catalina.loader.WebappClassLoaderBase checkThreadLocalMapForLeaks
SEVERE: The web application [] created a ThreadLocal with key of type [java.lang.ThreadLocal] (value [java.lang.ThreadLocal@3295abb8]) and a value of type [com.netflix.hystrix.strategy.concurrency.HystrixRequestContext] (value [com.netflix.hystrix.strategy.concurrency.HystrixRequestContext@1e0b0251]) but failed to remove it when the web application was stopped. Threads are going to be renewed over time to try and avoid a probable memory leak.
Aug 28, 2019 2:39:28 PM org.apache.catalina.loader.WebappClassLoaderBase checkThreadLocalMapForLeaks
SEVERE: The web application [] created a ThreadLocal with key of type [java.lang.ThreadLocal] (value [java.lang.ThreadLocal@3295abb8]) and a value of type [com.netflix.hystrix.strategy.concurrency.HystrixRequestContext] (value [com.netflix.hystrix.strategy.concurrency.HystrixRequestContext@764fe9df]) but failed to remove it when the web application was stopped. Threads are going to be renewed over time to try and avoid a probable memory leak.
Aug 28, 2019 2:39:28 PM org.apache.catalina.loader.WebappClassLoaderBase checkThreadLocalMapForLeaks
SEVERE: The web application [] created a ThreadLocal with key of type [com.netflix.hystrix.Hystrix$1] (value [com.netflix.hystrix.Hystrix$1@691844c5]) and a value of type [com.netflix.hystrix.Hystrix.ConcurrentStack] (value [com.netflix.hystrix.Hystrix$ConcurrentStack@2f47ca3d]) but failed to remove it when the web application was stopped. Threads are going to be renewed over time to try and avoid a probable memory leak.
Aug 28, 2019 2:39:28 PM org.apache.coyote.AbstractProtocol stop
INFO: Stopping ProtocolHandler ["http-bio-8180"]
Aug 28, 2019 2:39:28 PM org.apache.coyote.AbstractProtocol stop
INFO: Stopping ProtocolHandler ["ajp-bio-8009"]
Aug 28, 2019 2:39:28 PM org.apache.openejb.server.SimpleServiceManager stop
INFO: Stopping server services
Aug 28, 2019 2:39:28 PM org.apache.coyote.AbstractProtocol destroy
INFO: Destroying ProtocolHandler ["http-bio-8180"]
Aug 28, 2019 2:39:28 PM org.apache.coyote.AbstractProtocol destroy
INFO: Destroying ProtocolHandler ["ajp-bio-8009"]
